sus_aud LOUD noise detected! 1742105119.936 
sus_aud LOUD noise detected! 1742105120.236 
sus_aud LOUD noise detected! 1742105121.735 
sus_aud LOUD noise detected! 1742105121.886 
sus_aud LOUD noise detected! 1742105121.915 
sus_aud LOUD noise detected! 1742105121.944 
sus_aud LOUD noise detected! 1742105121.975 
sus_aud LOUD noise detected! 1742105122.006 
sus_aud LOUD noise detected! 1742105122.035 
sus_aud LOUD noise detected! 1742105122.666 
sus_aud LOUD noise detected! 1742105122.696 
sus_vid Ye Kaun Hai!! 1742105122.910 
sus_aud LOUD noise detected! 1742105122.725 
sus_aud LOUD noise detected! 1742105122.756 
sus_aud LOUD noise detected! 1742105122.785 
sus_aud LOUD noise detected! 1742105122.816 
sus_aud LOUD noise detected! 1742105122.845 
sus_aud LOUD noise detected! 1742105122.875 
sus_aud LOUD noise detected! 1742105122.905 
sus_aud LOUD noise detected! 1742105122.935 
sus_aud LOUD noise detected! 1742105122.967 
sus_aud LOUD noise detected! 1742105122.996 
sus_aud LOUD noise detected! 1742105123.026 
sus_aud LOUD noise detected! 1742105123.146 
sus_aud LOUD noise detected! 1742105123.656 
sus_aud LOUD noise detected! 1742105123.685 
sus_aud LOUD noise detected! 1742105123.715 
sus_aud LOUD noise detected! 1742105124.766 
sus_aud LOUD noise detected! 1742105124.795 
sus_aud LOUD noise detected! 1742105124.825 
focus false 1742105121.535 
sus_aud LOUD noise detected! 1742105124.856 
sus_aud LOUD noise detected! 1742105124.886 
sus_aud LOUD noise detected! 1742105125.996 
sus_aud LOUD noise detected! 1742105126.026 
sus_aud LOUD noise detected! 1742105126.055 
sus_aud LOUD noise detected! 1742105126.085 
sus_aud LOUD noise detected! 1742105126.115 
sus_aud LOUD noise detected! 1742105126.146 
sus_aud LOUD noise detected! 1742105126.179 
sus_aud LOUD noise detected! 1742105126.205 
sus_aud LOUD noise detected! 1742105126.236 
sus_aud LOUD noise detected! 1742105126.265 
sus_aud LOUD noise detected! 1742105126.297 
sus_aud LOUD noise detected! 1742105126.327 
sus_aud LOUD noise detected! 1742105126.355 
sus_aud LOUD noise detected! 1742105126.385 
sus_aud LOUD noise detected! 1742105127.406 
sus_aud LOUD noise detected! 1742105127.436 
sus_aud LOUD noise detected! 1742105127.465 
sus_aud LOUD noise detected! 1742105127.945 
sus_aud LOUD noise detected! 1742105127.977 
sus_aud LOUD noise detected! 1742105128.006 
sus_aud LOUD noise detected! 1742105128.035 
sus_aud LOUD noise detected! 1742105128.245 
sus_aud LOUD noise detected! 1742105128.274 
sus_aud LOUD noise detected! 1742105128.304 
sus_aud LOUD noise detected! 1742105129.055 
sus_aud LOUD noise detected! 1742105129.147 
sus_aud LOUD noise detected! 1742105129.176 
sus_aud LOUD noise detected! 1742105129.324 
sus_aud LOUD noise detected! 1742105129.355 
sus_aud LOUD noise detected! 1742105129.385 
sus_aud LOUD noise detected! 1742105129.415 
sus_aud LOUD noise detected! 1742105129.535 
sus_aud LOUD noise detected! 1742105129.564 
sus_aud LOUD noise detected! 1742105129.595 
sus_aud LOUD noise detected! 1742105129.715 
sus_aud LOUD noise detected! 1742105129.745 
sus_aud LOUD noise detected! 1742105129.775 
sus_aud LOUD noise detected! 1742105129.806 
sus_aud LOUD noise detected! 1742105129.836 
sus_aud LOUD noise detected! 1742105129.896 
sus_aud LOUD noise detected! 1742105129.927 
sus_aud LOUD noise detected! 1742105129.956 
sus_aud LOUD noise detected! 1742105129.986 
sus_aud LOUD noise detected! 1742105130.016 
sus_aud LOUD noise detected! 1742105130.046 
sus_aud LOUD noise detected! 1742105130.075 
sus_aud LOUD noise detected! 1742105130.105 
sus_aud LOUD noise detected! 1742105130.255 
sus_aud LOUD noise detected! 1742105130.285 
sus_aud LOUD noise detected! 1742105130.314 
sus_aud LOUD noise detected! 1742105130.345 
sus_aud LOUD noise detected! 1742105130.435 
sus_aud LOUD noise detected! 1742105130.466 
sus_aud LOUD noise detected! 1742105130.495 
sus_aud LOUD noise detected! 1742105130.555 
sus_aud LOUD noise detected! 1742105130.586 
sus_aud LOUD noise detected! 1742105130.616 
sus_aud LOUD noise detected! 1742105130.645 
sus_aud LOUD noise detected! 1742105130.676 
sus_aud LOUD noise detected! 1742105131.005 
sus_aud LOUD noise detected! 1742105131.037 
sus_vid Ye Kaun Hai!! 1742105133.564 
sus_aud LOUD noise detected! 1742105131.065 
sus_aud LOUD noise detected! 1742105131.096 
sus_aud LOUD noise detected! 1742105131.125 
sus_aud LOUD noise detected! 1742105131.306 
sus_aud LOUD noise detected! 1742105131.335 
sus_aud LOUD noise detected! 1742105131.754 
sus_aud LOUD noise detected! 1742105131.786 
sus_aud LOUD noise detected! 1742105131.814 
sus_aud LOUD noise detected! 1742105131.904 
sus_aud LOUD noise detected! 1742105131.935 
sus_aud LOUD noise detected! 1742105131.966 
sus_aud LOUD noise detected! 1742105132.266 
sus_aud LOUD noise detected! 1742105132.295 
sus_aud LOUD noise detected! 1742105133.586 
sus_aud LOUD noise detected! 1742105133.620 
sus_aud LOUD noise detected! 1742105133.646 
sus_aud LOUD noise detected! 1742105135.446 
sus_aud LOUD noise detected! 1742105136.374 
sus_aud LOUD noise detected! 1742105137.515 
sus_aud LOUD noise detected! 1742105137.546 
sus_aud LOUD noise detected! 1742105137.575 
sus_aud LOUD noise detected! 1742105137.605 
sus_aud LOUD noise detected! 1742105137.635 
sus_aud LOUD noise detected! 1742105137.665 
sus_aud LOUD noise detected! 1742105137.695 
sus_aud LOUD noise detected! 1742105137.726 
sus_aud LOUD noise detected! 1742105137.755 
sus_aud LOUD noise detected! 1742105137.785 
sus_aud LOUD noise detected! 1742105137.815 
sus_aud LOUD noise detected! 1742105137.845 
sus_aud LOUD noise detected! 1742105137.876 
sus_aud LOUD noise detected! 1742105137.906 
sus_aud LOUD noise detected! 1742105137.934 
sus_aud LOUD noise detected! 1742105137.966 
sus_aud LOUD noise detected! 1742105137.995 
sus_aud LOUD noise detected! 1742105138.026 
sus_aud LOUD noise detected! 1742105138.055 
sus_aud LOUD noise detected! 1742105138.085 
sus_aud LOUD noise detected! 1742105138.116 
sus_aud LOUD noise detected! 1742105138.146 
sus_aud LOUD noise detected! 1742105138.176 
sus_aud LOUD noise detected! 1742105138.207 
sus_aud LOUD noise detected! 1742105138.416 
sus_aud LOUD noise detected! 1742105138.445 
sus_aud LOUD noise detected! 1742105138.535 
sus_aud LOUD noise detected! 1742105138.565 
sus_aud LOUD noise detected! 1742105138.596 
sus_aud LOUD noise detected! 1742105138.625 
sus_aud LOUD noise detected! 1742105138.655 
sus_aud LOUD noise detected! 1742105138.684 
sus_aud LOUD noise detected! 1742105138.715 
sus_aud LOUD noise detected! 1742105138.745 
sus_aud LOUD noise detected! 1742105138.866 
sus_aud LOUD noise detected! 1742105138.895 
sus_aud LOUD noise detected! 1742105138.926 
sus_aud LOUD noise detected! 1742105138.956 
sus_aud LOUD noise detected! 1742105138.985 
sus_aud LOUD noise detected! 1742105139.015 
sus_aud LOUD noise detected! 1742105139.047 
sus_aud LOUD noise detected! 1742105139.075 
sus_aud LOUD noise detected! 1742105139.137 
sus_aud LOUD noise detected! 1742105139.165 
sus_aud LOUD noise detected! 1742105139.255 
sus_aud LOUD noise detected! 1742105139.285 
sus_aud LOUD noise detected! 1742105139.315 
sus_aud LOUD noise detected! 1742105139.345 
sus_aud LOUD noise detected! 1742105139.376 
sus_aud LOUD noise detected! 1742105139.495 
sus_aud LOUD noise detected! 1742105139.526 
sus_aud LOUD noise detected! 1742105139.557 
sus_aud LOUD noise detected! 1742105139.585 
sus_aud LOUD noise detected! 1742105139.614 
sus_vid Where you go???? 1742105144.504 
sus_aud LOUD noise detected! 1742105139.646 
sus_aud LOUD noise detected! 1742105139.676 
sus_aud LOUD noise detected! 1742105142.346 
sus_vid Where you go???? 1742105149.546 
focus 26896.000 
focus true 1742105148.431 
sus_aud LOUD noise detected! 1742105153.986 
sus_aud LOUD noise detected! 1742105154.016 
sus_aud LOUD noise detected! 1742105154.046 
sus_aud LOUD noise detected! 1742105154.076 
sus_aud LOUD noise detected! 1742105154.107 
sus_vid Where you go???? 1742105154.624 
sus_aud LOUD noise detected! 1742105154.227 
sus_aud LOUD noise detected! 1742105154.256 
sus_aud LOUD noise detected! 1742105154.287 
sus_aud LOUD noise detected! 1742105154.406 
sus_aud LOUD noise detected! 1742105154.435 
sus_aud LOUD noise detected! 1742105154.466 
sus_aud LOUD noise detected! 1742105154.497 
sus_aud LOUD noise detected! 1742105154.526 
sus_aud LOUD noise detected! 1742105154.556 
sus_aud LOUD noise detected! 1742105154.586 
sus_aud LOUD noise detected! 1742105154.617 
sus_aud LOUD noise detected! 1742105154.707 
sus_aud LOUD noise detected! 1742105154.737 
sus_aud LOUD noise detected! 1742105154.766 
sus_aud LOUD noise detected! 1742105155.156 
sus_aud LOUD noise detected! 1742105155.186 
sus_aud LOUD noise detected! 1742105155.367 
sus_aud LOUD noise detected! 1742105155.397 
sus_aud LOUD noise detected! 1742105155.427 
sus_aud LOUD noise detected! 1742105155.455 
sus_aud LOUD noise detected! 1742105155.515 
sus_aud LOUD noise detected! 1742105155.546 
sus_aud LOUD noise detected! 1742105155.576 
sus_aud LOUD noise detected! 1742105155.606 
sus_aud LOUD noise detected! 1742105155.785 
sus_aud LOUD noise detected! 1742105155.817 
sus_aud LOUD noise detected! 1742105155.936 
sus_aud LOUD noise detected! 1742105155.966 
sus_aud LOUD noise detected! 1742105155.995 
sus_aud LOUD noise detected! 1742105156.027 
sus_aud LOUD noise detected! 1742105156.056 
sus_aud LOUD noise detected! 1742105156.085 
sus_aud LOUD noise detected! 1742105156.116 
sus_aud LOUD noise detected! 1742105156.147 
sus_aud LOUD noise detected! 1742105156.266 
sus_aud LOUD noise detected! 1742105156.296 
sus_vid Where you go???? 1742105159.728 
sus_aud LOUD noise detected! 1742105156.326 
sus_aud LOUD noise detected! 1742105156.357 
sus_aud LOUD noise detected! 1742105156.386 
sus_aud LOUD noise detected! 1742105156.416 
sus_aud LOUD noise detected! 1742105156.836 
sus_aud LOUD noise detected! 1742105156.896 
sus_aud LOUD noise detected! 1742105161.154 
sus_aud LOUD noise detected! 1742105161.185 
sus_aud LOUD noise detected! 1742105161.217 
sus_aud LOUD noise detected! 1742105161.366 
sus_aud LOUD noise detected! 1742105161.396 
sus_aud LOUD noise detected! 1742105161.424 
sus_aud LOUD noise detected! 1742105161.456 
sus_vid Where you go???? 1742105164.787 
sus_aud LOUD noise detected! 1742105165.416 
sus_aud LOUD noise detected! 1742105165.596 
sus_aud LOUD noise detected! 1742105165.805 
sus_aud LOUD noise detected! 1742105165.836 
sus_aud LOUD noise detected! 1742105165.866 
sus_aud LOUD noise detected! 1742105167.876 
sus_aud LOUD noise detected! 1742105167.906 
sus_aud LOUD noise detected! 1742105168.116 
sus_aud LOUD noise detected! 1742105168.146 
sus_aud LOUD noise detected! 1742105168.176 
sus_aud LOUD noise detected! 1742105168.206 
sus_aud LOUD noise detected! 1742105168.236 
sus_aud LOUD noise detected! 1742105168.267 
sus_aud LOUD noise detected! 1742105168.296 
sus_aud LOUD noise detected! 1742105168.325 
sus_aud LOUD noise detected! 1742105169.676 
sus_aud LOUD noise detected! 1742105169.706 
sus_vid Where you go???? 1742105169.855 
sus_aud LOUD noise detected! 1742105169.737 
sus_aud LOUD noise detected! 1742105169.766 
sus_aud LOUD noise detected! 1742105173.216 
sus_aud LOUD noise detected! 1742105173.246 
ai_check Anomaly Detected Score: 11.212249565124509 
sus_aud LOUD noise detected! 1742105173.815 
sus_vid Where you go???? 1742105174.956 
sus_aud LOUD noise detected! 1742105175.406 
sus_aud LOUD noise detected! 1742105175.436 
sus_aud LOUD noise detected! 1742105176.097 
ai_check Anomaly Detected Score: 13.565084075927736 
sus_aud LOUD noise detected! 1742105179.637 
sus_aud LOUD noise detected! 1742105179.666 
sus_aud LOUD noise detected! 1742105179.696 
sus_vid Where you go???? 1742105180.059 
sus_aud LOUD noise detected! 1742105180.116 
sus_aud LOUD noise detected! 1742105180.144 
sus_aud LOUD noise detected! 1742105180.175 
sus_aud LOUD noise detected! 1742105180.205 
sus_aud LOUD noise detected! 1742105180.235 
sus_aud LOUD noise detected! 1742105180.266 
sus_aud LOUD noise detected! 1742105180.295 
sus_aud LOUD noise detected! 1742105180.326 
sus_aud LOUD noise detected! 1742105180.356 
sus_aud LOUD noise detected! 1742105180.386 
sus_aud LOUD noise detected! 1742105180.415 
sus_aud LOUD noise detected! 1742105180.445 
sus_aud LOUD noise detected! 1742105180.476 
focus false 1742105176.841 
sus_aud LOUD noise detected! 1742105180.505 
sus_aud LOUD noise detected! 1742105180.596 
sus_aud LOUD noise detected! 1742105180.626 
sus_aud LOUD noise detected! 1742105180.746 
sus_aud LOUD noise detected! 1742105180.774 
sus_aud LOUD noise detected! 1742105180.955 
sus_aud LOUD noise detected! 1742105180.984 
sus_aud LOUD noise detected! 1742105181.016 
sus_aud LOUD noise detected! 1742105181.826 
sus_aud LOUD noise detected! 1742105181.858 
sus_aud LOUD noise detected! 1742105181.916 
sus_aud LOUD noise detected! 1742105181.945 
sus_aud LOUD noise detected! 1742105181.974 
sus_aud LOUD noise detected! 1742105182.516 
sus_aud LOUD noise detected! 1742105182.545 
sus_aud LOUD noise detected! 1742105182.576 
sus_aud LOUD noise detected! 1742105182.606 
sus_aud LOUD noise detected! 1742105182.636 
sus_aud LOUD noise detected! 1742105182.667 
sus_aud LOUD noise detected! 1742105182.694 
sus_aud LOUD noise detected! 1742105182.786 
sus_aud LOUD noise detected! 1742105182.816 
sus_aud LOUD noise detected! 1742105182.846 
sus_aud LOUD noise detected! 1742105182.875 
sus_aud LOUD noise detected! 1742105182.906 
sus_aud LOUD noise detected! 1742105182.934 
sus_vid Where you go???? 1742105185.113 
sus_aud LOUD noise detected! 1742105182.965 
sus_aud LOUD noise detected! 1742105182.996 
sus_aud LOUD noise detected! 1742105183.026 
sus_aud LOUD noise detected! 1742105183.056 
sus_aud LOUD noise detected! 1742105183.595 
sus_aud LOUD noise detected! 1742105183.624 
sus_aud LOUD noise detected! 1742105183.656 
sus_aud LOUD noise detected! 1742105183.685 
sus_aud LOUD noise detected! 1742105183.985 
sus_aud LOUD noise detected! 1742105184.015 
sus_aud LOUD noise detected! 1742105184.046 
sus_aud LOUD noise detected! 1742105184.315 
sus_aud LOUD noise detected! 1742105184.346 
sus_aud LOUD noise detected! 1742105184.407 
sus_aud LOUD noise detected! 1742105184.435 
sus_aud LOUD noise detected! 1742105184.466 
sus_aud LOUD noise detected! 1742105184.497 
sus_aud LOUD noise detected! 1742105184.525 
sus_aud LOUD noise detected! 1742105184.555 
sus_aud LOUD noise detected! 1742105184.585 
sus_aud LOUD noise detected! 1742105184.705 
sus_aud LOUD noise detected! 1742105184.737 
sus_aud LOUD noise detected! 1742105184.764 
sus_aud LOUD noise detected! 1742105184.794 
sus_aud LOUD noise detected! 1742105184.856 
sus_aud LOUD noise detected! 1742105184.885 
sus_aud LOUD noise detected! 1742105184.914 
sus_aud LOUD noise detected! 1742105184.946 
sus_aud LOUD noise detected! 1742105184.975 
sus_aud LOUD noise detected! 1742105185.007 
sus_aud LOUD noise detected! 1742105185.366 
sus_aud LOUD noise detected! 1742105185.396 
sus_aud LOUD noise detected! 1742105185.456 
sus_aud LOUD noise detected! 1742105185.486 
sus_aud LOUD noise detected! 1742105185.516 
sus_aud LOUD noise detected! 1742105185.545 
sus_aud LOUD noise detected! 1742105185.574 
sus_aud LOUD noise detected! 1742105185.605 
sus_vid Where you go???? 1742105190.177 
sus_aud LOUD noise detected! 1742105185.635 
sus_aud LOUD noise detected! 1742105185.666 
sus_aud LOUD noise detected! 1742105185.816 
sus_aud LOUD noise detected! 1742105185.846 
sus_aud LOUD noise detected! 1742105185.876 
sus_aud LOUD noise detected! 1742105185.905 
sus_aud LOUD noise detected! 1742105185.935 
sus_aud LOUD noise detected! 1742105186.595 
sus_aud LOUD noise detected! 1742105186.715 
sus_aud LOUD noise detected! 1742105186.804 
sus_aud LOUD noise detected! 1742105186.835 
sus_aud LOUD noise detected! 1742105186.865 
sus_aud LOUD noise detected! 1742105186.895 
sus_aud LOUD noise detected! 1742105186.927 
sus_aud LOUD noise detected! 1742105186.955 
sus_aud LOUD noise detected! 1742105186.986 
sus_aud LOUD noise detected! 1742105187.076 
sus_aud LOUD noise detected! 1742105187.136 
sus_aud LOUD noise detected! 1742105187.166 
sus_aud LOUD noise detected! 1742105187.256 
sus_aud LOUD noise detected! 1742105187.285 
sus_aud LOUD noise detected! 1742105187.315 
sus_aud LOUD noise detected! 1742105187.346 
sus_aud LOUD noise detected! 1742105187.376 
sus_aud LOUD noise detected! 1742105187.406 
sus_aud LOUD noise detected! 1742105187.436 
sus_aud LOUD noise detected! 1742105187.466 
sus_aud LOUD noise detected! 1742105187.855 
sus_aud LOUD noise detected! 1742105187.884 
sus_aud LOUD noise detected! 1742105187.915 
sus_aud LOUD noise detected! 1742105187.945 
sus_aud LOUD noise detected! 1742105187.974 
sus_aud LOUD noise detected! 1742105188.005 
sus_aud LOUD noise detected! 1742105188.035 
sus_aud LOUD noise detected! 1742105188.066 
sus_aud LOUD noise detected! 1742105188.095 
sus_aud LOUD noise detected! 1742105188.126 
sus_aud LOUD noise detected! 1742105188.155 
sus_aud LOUD noise detected! 1742105188.185 
sus_vid Where you go???? 1742105195.200 
sus_aud LOUD noise detected! 1742105188.216 
sus_aud LOUD noise detected! 1742105188.246 
sus_aud LOUD noise detected! 1742105188.276 
sus_aud LOUD noise detected! 1742105188.306 
sus_aud LOUD noise detected! 1742105188.336 
sus_aud LOUD noise detected! 1742105188.366 
sus_aud LOUD noise detected! 1742105188.396 
sus_aud LOUD noise detected! 1742105188.425 
sus_aud LOUD noise detected! 1742105188.456 
sus_aud LOUD noise detected! 1742105188.486 
sus_aud LOUD noise detected! 1742105188.516 
sus_aud LOUD noise detected! 1742105188.546 
sus_aud LOUD noise detected! 1742105188.576 
sus_aud LOUD noise detected! 1742105188.606 
sus_aud LOUD noise detected! 1742105188.636 
sus_aud LOUD noise detected! 1742105188.666 
sus_aud LOUD noise detected! 1742105188.695 
sus_aud LOUD noise detected! 1742105188.726 
sus_aud LOUD noise detected! 1742105188.756 
sus_aud LOUD noise detected! 1742105188.786 
sus_aud LOUD noise detected! 1742105188.814 
sus_aud LOUD noise detected! 1742105188.846 
sus_aud LOUD noise detected! 1742105188.874 
sus_aud LOUD noise detected! 1742105188.906 
sus_aud LOUD noise detected! 1742105188.936 
sus_aud LOUD noise detected! 1742105188.965 
sus_aud LOUD noise detected! 1742105188.994 
sus_aud LOUD noise detected! 1742105189.146 
sus_aud LOUD noise detected! 1742105189.176 
sus_aud LOUD noise detected! 1742105189.205 
sus_aud LOUD noise detected! 1742105189.415 
sus_aud LOUD noise detected! 1742105189.446 
sus_aud LOUD noise detected! 1742105189.477 
sus_aud LOUD noise detected! 1742105189.506 
sus_aud LOUD noise detected! 1742105189.536 
sus_aud LOUD noise detected! 1742105190.616 
sus_aud LOUD noise detected! 1742105190.646 
sus_aud LOUD noise detected! 1742105190.706 
sus_aud LOUD noise detected! 1742105190.735 
sus_aud LOUD noise detected! 1742105190.765 
sus_vid Where you go???? 1742105200.297 
sus_aud LOUD noise detected! 1742105190.794 
sus_aud LOUD noise detected! 1742105190.825 
sus_aud LOUD noise detected! 1742105190.855 
sus_aud LOUD noise detected! 1742105190.885 
sus_aud LOUD noise detected! 1742105190.915 
sus_aud LOUD noise detected! 1742105190.946 
sus_aud LOUD noise detected! 1742105190.976 
sus_aud LOUD noise detected! 1742105191.006 
sus_aud LOUD noise detected! 1742105191.035 
sus_aud LOUD noise detected! 1742105191.065 
sus_aud LOUD noise detected! 1742105191.095 
sus_aud LOUD noise detected! 1742105191.125 
sus_aud LOUD noise detected! 1742105191.155 
sus_aud LOUD noise detected! 1742105191.185 
sus_aud LOUD noise detected! 1742105191.701 
sus_aud LOUD noise detected! 1742105191.726 
sus_aud LOUD noise detected! 1742105191.754 
sus_aud LOUD noise detected! 1742105191.785 
sus_aud LOUD noise detected! 1742105191.815 
sus_aud LOUD noise detected! 1742105191.845 
sus_aud LOUD noise detected! 1742105191.876 
sus_aud LOUD noise detected! 1742105191.906 
sus_aud LOUD noise detected! 1742105191.995 
sus_aud LOUD noise detected! 1742105192.026 
sus_aud LOUD noise detected! 1742105192.055 
sus_aud LOUD noise detected! 1742105192.086 
sus_aud LOUD noise detected! 1742105192.115 
sus_aud LOUD noise detected! 1742105192.145 
sus_aud LOUD noise detected! 1742105192.176 
sus_aud LOUD noise detected! 1742105192.206 
sus_aud LOUD noise detected! 1742105192.234 
sus_aud LOUD noise detected! 1742105192.266 
sus_aud LOUD noise detected! 1742105192.417 
sus_aud LOUD noise detected! 1742105192.445 
sus_aud LOUD noise detected! 1742105192.476 
sus_aud LOUD noise detected! 1742105192.506 
sus_aud LOUD noise detected! 1742105192.595 
sus_aud LOUD noise detected! 1742105193.855 
sus_vid Where you go???? 1742105205.323 
sus_aud LOUD noise detected! 1742105193.885 
sus_aud LOUD noise detected! 1742105193.915 
sus_aud LOUD noise detected! 1742105194.065 
sus_aud LOUD noise detected! 1742105194.096 
sus_aud LOUD noise detected! 1742105194.125 
sus_aud LOUD noise detected! 1742105194.156 
sus_aud LOUD noise detected! 1742105194.246 
sus_aud LOUD noise detected! 1742105194.275 
sus_aud LOUD noise detected! 1742105194.305 
sus_aud LOUD noise detected! 1742105194.334 
sus_aud LOUD noise detected! 1742105194.366 
sus_aud LOUD noise detected! 1742105194.397 
sus_aud LOUD noise detected! 1742105194.424 
sus_aud LOUD noise detected! 1742105194.455 
sus_aud LOUD noise detected! 1742105194.486 
sus_aud LOUD noise detected! 1742105194.514 
sus_aud LOUD noise detected! 1742105194.546 
sus_aud LOUD noise detected! 1742105194.576 
sus_aud LOUD noise detected! 1742105194.606 
sus_aud LOUD noise detected! 1742105194.635 
sus_aud LOUD noise detected! 1742105194.665 
sus_aud LOUD noise detected! 1742105194.695 
sus_aud LOUD noise detected! 1742105194.724 
sus_aud LOUD noise detected! 1742105194.754 
sus_aud LOUD noise detected! 1742105194.785 
sus_aud LOUD noise detected! 1742105194.815 
sus_aud LOUD noise detected! 1742105194.845 
sus_aud LOUD noise detected! 1742105194.876 
sus_aud LOUD noise detected! 1742105194.904 
sus_aud LOUD noise detected! 1742105195.264 
sus_aud LOUD noise detected! 1742105195.297 
sus_aud LOUD noise detected! 1742105197.514 
sus_aud LOUD noise detected! 1742105197.545 
sus_aud LOUD noise detected! 1742105197.696 
sus_aud LOUD noise detected! 1742105197.726 
sus_aud LOUD noise detected! 1742105197.755 
sus_aud LOUD noise detected! 1742105197.786 
sus_aud LOUD noise detected! 1742105197.816 
sus_aud LOUD noise detected! 1742105197.935 
sus_aud LOUD noise detected! 1742105197.965 
sus_vid Where you go???? 1742105210.420 
sus_aud LOUD noise detected! 1742105197.995 
sus_aud LOUD noise detected! 1742105198.026 
sus_aud LOUD noise detected! 1742105198.055 
sus_aud LOUD noise detected! 1742105198.085 
sus_aud LOUD noise detected! 1742105198.115 
sus_aud LOUD noise detected! 1742105198.146 
sus_aud LOUD noise detected! 1742105198.176 
sus_aud LOUD noise detected! 1742105198.207 
sus_aud LOUD noise detected! 1742105198.234 
sus_aud LOUD noise detected! 1742105198.265 
sus_aud LOUD noise detected! 1742105198.295 
sus_aud LOUD noise detected! 1742105198.325 
sus_aud LOUD noise detected! 1742105198.355 
sus_aud LOUD noise detected! 1742105198.384 
sus_aud LOUD noise detected! 1742105198.416 
sus_aud LOUD noise detected! 1742105198.444 
sus_aud LOUD noise detected! 1742105198.482 
sus_aud LOUD noise detected! 1742105198.506 
sus_aud LOUD noise detected! 1742105198.926 
sus_aud LOUD noise detected! 1742105199.135 
sus_aud LOUD noise detected! 1742105199.164 
sus_aud LOUD noise detected! 1742105199.195 
sus_aud LOUD noise detected! 1742105199.344 
sus_aud LOUD noise detected! 1742105199.375 
sus_aud LOUD noise detected! 1742105200.394 
sus_aud LOUD noise detected! 1742105201.144 
sus_aud LOUD noise detected! 1742105201.174 
